<?xml version="1.0" encoding="UTF-8"?>
<!-- Generated by org.testng.reporters.JUnitReportReporter -->
<testsuite hostname="Suraj" failures="0" tests="1" name="com.SauceDemo.TestClasses.TC08_LogOutPageValidation_Using_TestNGAssertions" time="52.465" errors="0" timestamp="2022-10-09T22:47:40 IST" skipped="0">
  <testcase classname="com.SauceDemo.TestClasses.TC08_LogOutPageValidation_Using_TestNGAssertions" name="logout" time="52.465"/>
  <system-out/>
</testsuite> <!-- com.SauceDemo.TestClasses.TC08_LogOutPageValidation_Using_TestNGAssertions -->
